<?xml version="1.0" encoding="UTF-8"?>
<!-- Generated by org.testng.reporters.JUnitXMLReporter -->
<testsuite ignored="0" hostname="DESKTOP-MNOMKV9" failures="3" tests="38" name="Test" time="551.963" errors="0" timestamp="2023-12-04T23:32:32 IST">
  <testcase classname="testCases.CartPageTest" name="VerifyURLofCartPageTest" time="0.076"/>
  <testcase classname="testCases.CartPageTest" name="VerifyURLofCheckOutPageTest" time="0.133"/>
  <testcase classname="testCases.CartPageTest" name="VerifyshoppingCartPageTest" time="0.125"/>
  <testcase classname="testCases.CartPageTest" name="remove3ProductCartPageTest" time="0.4"/>
  <testcase classname="testCases.CartPageTest" name="verifyCart3linesTest" time="0.053"/>
  <testcase classname="testCases.CartPageTest" name="verifyCartCheckOutBtnTest" time="0.06">
    <failure type="java.lang.AssertionError" message="expected [Checkout] but found [CheckOut]">
      <![CDATA[java.lang.AssertionError: expected [Checkout] but found [CheckOut]
at testCases.CartPageTest.verifyCartCheckOutBtnTest(CartPageTest.java:95)
at java.base/java.util.ArrayList.forEach(ArrayList.java:1511)
... Removed 31 stack frames]]>
    </failure>
  </testcase> <!-- verifyCartCheckOutBtnTest -->
  <testcase classname="testCases.CartPageTest" name="verifyCartDescriptionLableTest" time="0.042"/>
  <testcase classname="testCases.CartPageTest" name="verifyCartFacebookLogoTest" time="0.043"/>
  <testcase classname="testCases.CartPageTest" name="verifyCartLinkedInLogoTest" time="0.081"/>
  <testcase classname="testCases.CartPageTest" name="verifyCartPageTitle" time="0.039"/>
  <testcase classname="testCases.CartPageTest" name="verifyCartQTYLableTest" time="0.045"/>
  <testcase classname="testCases.CartPageTest" name="verifyCartTwitterLogoTest" time="0.048"/>
  <testcase classname="testCases.CartPageTest" name="verifyContinueShoppingCartBtnTest" time="0.054"/>
  <testcase classname="testCases.CartPageTest" name="verifyFooterTxtCartPageTest" time="0.056"/>
  <testcase classname="testCases.LoginPageTest" name="loginOfApplicationTest" time="0.944"/>
  <testcase classname="testCases.LoginPageTest" name="verifyTitleOfApplicationTest" time="0.131">
    <failure type="java.lang.AssertionError" message="expected [Swag Labs] but found [https://www.saucedemo.com/inventory.html]">
      <![CDATA[java.lang.AssertionError: expected [Swag Labs] but found [https://www.saucedemo.com/inventory.html]
at testCases.LoginPageTest.verifyTitleOfApplicationTest(LoginPageTest.java:33)
at java.base/java.util.ArrayList.forEach(ArrayList.java:1511)
... Removed 31 stack frames]]>
    </failure>
  </testcase> <!-- verifyTitleOfApplicationTest -->
  <testcase classname="testCases.LoginPageTest" name="verifyURLOfApplicationTest" time="0.325"/>
  <testcase classname="testCases.Inventory_Page2_Test" name="add6ProductsTest" time="1.251"/>
  <testcase classname="testCases.Inventory_Page2_Test" name="removeProductsTest" time="1.12"/>
  <testcase classname="testCases.Inventory_Page2_Test" name="verifyBackpackTextTest" time="0.052"/>
  <testcase classname="testCases.Inventory_Page2_Test" name="verifyBikeLightTextTest" time="0.051"/>
  <testcase classname="testCases.Inventory_Page2_Test" name="verifyBoltTShirtTextTest" time="0.049"/>
  <testcase classname="testCases.Inventory_Page2_Test" name="verifyFooterTextTest" time="0.113"/>
  <testcase classname="testCases.Inventory_Page2_Test" name="verifyJacketTextTest" time="0.09"/>
  <testcase classname="testCases.Inventory_Page2_Test" name="verifyOnesieTextTest" time="0.075"/>
  <testcase classname="testCases.Inventory_Page2_Test" name="verifyTShirtRedTextTest" time="0.05"/>
  <testcase classname="testCases.Inventory_Page2_Test" name="verifyappLogoTest" time="0.098"/>
  <testcase classname="testCases.Inventory_Page2_Test" name="verifyfacebookLogoTest" time="0.057"/>
  <testcase classname="testCases.Inventory_Page2_Test" name="verifylinkedInLogoTest" time="0.049"/>
  <testcase classname="testCases.Inventory_Page2_Test" name="verifyopenMenuBtnTest" time="0.205"/>
  <testcase classname="testCases.Inventory_Page2_Test" name="verifyproductText2Test" time="0.139"/>
  <testcase classname="testCases.Inventory_Page2_Test" name="verifyproductText3Test" time="0.072"/>
  <testcase classname="testCases.Inventory_Page2_Test" name="verifyproductText4Test" time="0.144"/>
  <testcase classname="testCases.Inventory_Page2_Test" name="verifyproductText5Test" time="0.112"/>
  <testcase classname="testCases.Inventory_Page2_Test" name="verifyproductText6Test" time="0.115"/>
  <testcase classname="testCases.Inventory_Page2_Test" name="verifyproductsLableTest" time="0.156">
    <failure type="java.lang.AssertionError" message="expected [Products] but found [Open Menu]">
      <![CDATA[java.lang.AssertionError: expected [Products] but found [Open Menu]
at testCases.Inventory_Page2_Test.verifyproductsLableTest(Inventory_Page2_Test.java:38)
at java.base/java.util.ArrayList.forEach(ArrayList.java:1511)
... Removed 31 stack frames]]>
    </failure>
  </testcase> <!-- verifyproductsLableTest -->
  <testcase classname="testCases.Inventory_Page2_Test" name="verifyproductstext1Test" time="0.172"/>
  <testcase classname="testCases.Inventory_Page2_Test" name="verifytwitterLogoTest" time="0.237"/>
</testsuite> <!-- Test -->
