<?xml version="1.0" encoding="UTF-8"?>
<!-- Generated by org.testng.reporters.JUnitXMLReporter -->
<testsuite ignored="35" hostname="DESKTOP-MNOMKV9" failures="3" tests="3" name="Test(failed)" time="52.942" errors="0" timestamp="2023-12-04T23:35:35 IST">
  <testcase classname="testCases.CartPageTest" name="verifyCartCheckOutBtnTest" time="0.183">
    <failure type="java.lang.AssertionError" message="expected [Checkout] but found [CheckOut]">
      <![CDATA[java.lang.AssertionError: expected [Checkout] but found [CheckOut]
at testCases.CartPageTest.verifyCartCheckOutBtnTest(CartPageTest.java:95)
at java.base/java.util.ArrayList.forEach(ArrayList.java:1511)
... Removed 31 stack frames]]>
    </failure>
  </testcase> <!-- verifyCartCheckOutBtnTest -->
  <testcase classname="testCases.LoginPageTest" name="verifyTitleOfApplicationTest" time="0.159">
    <failure type="java.lang.AssertionError" message="expected [Swag Labs] but found [https://www.saucedemo.com/inventory.html]">
      <![CDATA[java.lang.AssertionError: expected [Swag Labs] but found [https://www.saucedemo.com/inventory.html]
at testCases.LoginPageTest.verifyTitleOfApplicationTest(LoginPageTest.java:33)
at java.base/java.util.ArrayList.forEach(ArrayList.java:1511)
... Removed 31 stack frames]]>
    </failure>
  </testcase> <!-- verifyTitleOfApplicationTest -->
  <testcase classname="testCases.Inventory_Page2_Test" name="verifyproductsLableTest" time="0.23">
    <failure type="java.lang.AssertionError" message="expected [Products] but found [Open Menu]">
      <![CDATA[java.lang.AssertionError: expected [Products] but found [Open Menu]
at testCases.Inventory_Page2_Test.verifyproductsLableTest(Inventory_Page2_Test.java:38)
at java.base/java.util.ArrayList.forEach(ArrayList.java:1511)
... Removed 31 stack frames]]>
    </failure>
  </testcase> <!-- verifyproductsLableTest -->
  <testcase classname="testCases.CartPageTest" name="verifyCartTwitterLogoTest" time="0.0">
    <ignored/>
  </testcase> <!-- verifyCartTwitterLogoTest -->
  <testcase classname="testCases.Inventory_Page2_Test" name="verifyproductstext1Test" time="0.0">
    <ignored/>
  </testcase> <!-- verifyproductstext1Test -->
  <testcase classname="testCases.Inventory_Page2_Test" name="verifyBoltTShirtTextTest" time="0.0">
    <ignored/>
  </testcase> <!-- verifyBoltTShirtTextTest -->
  <testcase classname="testCases.CartPageTest" name="verifyCartLinkedInLogoTest" time="0.0">
    <ignored/>
  </testcase> <!-- verifyCartLinkedInLogoTest -->
  <testcase classname="testCases.CartPageTest" name="verifyCart3linesTest" time="0.0">
    <ignored/>
  </testcase> <!-- verifyCart3linesTest -->
  <testcase classname="testCases.Inventory_Page2_Test" name="verifyTShirtRedTextTest" time="0.0">
    <ignored/>
  </testcase> <!-- verifyTShirtRedTextTest -->
  <testcase classname="testCases.Inventory_Page2_Test" name="verifyproductText6Test" time="0.0">
    <ignored/>
  </testcase> <!-- verifyproductText6Test -->
  <testcase classname="testCases.Inventory_Page2_Test" name="verifyopenMenuBtnTest" time="0.0">
    <ignored/>
  </testcase> <!-- verifyopenMenuBtnTest -->
  <testcase classname="testCases.Inventory_Page2_Test" name="verifyJacketTextTest" time="0.0">
    <ignored/>
  </testcase> <!-- verifyJacketTextTest -->
  <testcase classname="testCases.Inventory_Page2_Test" name="verifyfacebookLogoTest" time="0.0">
    <ignored/>
  </testcase> <!-- verifyfacebookLogoTest -->
  <testcase classname="testCases.Inventory_Page2_Test" name="verifylinkedInLogoTest" time="0.0">
    <ignored/>
  </testcase> <!-- verifylinkedInLogoTest -->
  <testcase classname="testCases.Inventory_Page2_Test" name="verifyproductText5Test" time="0.0">
    <ignored/>
  </testcase> <!-- verifyproductText5Test -->
  <testcase classname="testCases.Inventory_Page2_Test" name="verifyproductText2Test" time="0.0">
    <ignored/>
  </testcase> <!-- verifyproductText2Test -->
  <testcase classname="testCases.Inventory_Page2_Test" name="add6ProductsTest" time="0.0">
    <ignored/>
  </testcase> <!-- add6ProductsTest -->
  <testcase classname="testCases.LoginPageTest" name="loginOfApplicationTest" time="0.0">
    <ignored/>
  </testcase> <!-- loginOfApplicationTest -->
  <testcase classname="testCases.Inventory_Page2_Test" name="verifyappLogoTest" time="0.0">
    <ignored/>
  </testcase> <!-- verifyappLogoTest -->
  <testcase classname="testCases.CartPageTest" name="VerifyURLofCheckOutPageTest" time="0.0">
    <ignored/>
  </testcase> <!-- VerifyURLofCheckOutPageTest -->
  <testcase classname="testCases.Inventory_Page2_Test" name="verifyFooterTextTest" time="0.0">
    <ignored/>
  </testcase> <!-- verifyFooterTextTest -->
  <testcase classname="testCases.Inventory_Page2_Test" name="verifyBikeLightTextTest" time="0.0">
    <ignored/>
  </testcase> <!-- verifyBikeLightTextTest -->
  <testcase classname="testCases.CartPageTest" name="verifyCartFacebookLogoTest" time="0.0">
    <ignored/>
  </testcase> <!-- verifyCartFacebookLogoTest -->
  <testcase classname="testCases.LoginPageTest" name="verifyURLOfApplicationTest" time="0.0">
    <ignored/>
  </testcase> <!-- verifyURLOfApplicationTest -->
  <testcase classname="testCases.Inventory_Page2_Test" name="verifyBackpackTextTest" time="0.0">
    <ignored/>
  </testcase> <!-- verifyBackpackTextTest -->
  <testcase classname="testCases.CartPageTest" name="VerifyURLofCartPageTest" time="0.0">
    <ignored/>
  </testcase> <!-- VerifyURLofCartPageTest -->
  <testcase classname="testCases.Inventory_Page2_Test" name="verifyproductText4Test" time="0.0">
    <ignored/>
  </testcase> <!-- verifyproductText4Test -->
  <testcase classname="testCases.Inventory_Page2_Test" name="verifytwitterLogoTest" time="0.0">
    <ignored/>
  </testcase> <!-- verifytwitterLogoTest -->
  <testcase classname="testCases.Inventory_Page2_Test" name="verifyproductText3Test" time="0.0">
    <ignored/>
  </testcase> <!-- verifyproductText3Test -->
  <testcase classname="testCases.CartPageTest" name="remove3ProductCartPageTest" time="0.0">
    <ignored/>
  </testcase> <!-- remove3ProductCartPageTest -->
  <testcase classname="testCases.CartPageTest" name="verifyCartDescriptionLableTest" time="0.0">
    <ignored/>
  </testcase> <!-- verifyCartDescriptionLableTest -->
  <testcase classname="testCases.CartPageTest" name="VerifyshoppingCartPageTest" time="0.0">
    <ignored/>
  </testcase> <!-- VerifyshoppingCartPageTest -->
  <testcase classname="testCases.Inventory_Page2_Test" name="removeProductsTest" time="0.0">
    <ignored/>
  </testcase> <!-- removeProductsTest -->
  <testcase classname="testCases.CartPageTest" name="verifyCartQTYLableTest" time="0.0">
    <ignored/>
  </testcase> <!-- verifyCartQTYLableTest -->
  <testcase classname="testCases.CartPageTest" name="verifyCartPageTitle" time="0.0">
    <ignored/>
  </testcase> <!-- verifyCartPageTitle -->
  <testcase classname="testCases.Inventory_Page2_Test" name="verifyOnesieTextTest" time="0.0">
    <ignored/>
  </testcase> <!-- verifyOnesieTextTest -->
  <testcase classname="testCases.CartPageTest" name="verifyContinueShoppingCartBtnTest" time="0.0">
    <ignored/>
  </testcase> <!-- verifyContinueShoppingCartBtnTest -->
  <testcase classname="testCases.CartPageTest" name="verifyFooterTxtCartPageTest" time="0.0">
    <ignored/>
  </testcase> <!-- verifyFooterTxtCartPageTest -->
</testsuite> <!-- Test(failed) -->
